<?xml version="1.0" encoding="UTF-8"?>
<testng-results skipped="0" failed="0" total="1" passed="1">
  <reporter-output>
  </reporter-output>
  <suite name="Default suite" duration-ms="67432" started-at="2016-11-23T08:24:46Z" finished-at="2016-11-23T08:25:54Z">
    <groups>
    </groups>
    <test name="Default test" duration-ms="67432" started-at="2016-11-23T08:24:46Z" finished-at="2016-11-23T08:25:54Z">
      <class name="by.epam.gmailAutomation.test.ShouldCheckMessageInSpamFolder">
        <test-method status="PASS" signature="beforeClass()[pri:0, instance:by.epam.gmailAutomation.test.ShouldCheckMessageInSpamFolder@4923ab24]" name="beforeClass" is-config="true" duration-ms="3162" started-at="2016-11-23T11:24:46Z" finished-at="2016-11-23T11:24:49Z">
          <reporter-output>
          </reporter-output>
        </test-method> <!-- beforeClass -->
        <test-method status="PASS" signature="signIn()[pri:0, instance:by.epam.gmailAutomation.test.ShouldCheckMessageInSpamFolder@4923ab24]" name="signIn" duration-ms="62246" started-at="2016-11-23T11:24:49Z" finished-at="2016-11-23T11:25:52Z">
          <reporter-output>
          </reporter-output>
        </test-method> <!-- signIn -->
        <test-method status="PASS" signature="afterClass()[pri:0, instance:by.epam.gmailAutomation.test.ShouldCheckMessageInSpamFolder@4923ab24]" name="afterClass" is-config="true" duration-ms="2000" started-at="2016-11-23T11:25:52Z" finished-at="2016-11-23T11:25:54Z">
          <reporter-output>
          </reporter-output>
        </test-method> <!-- afterClass -->
      </class> <!-- by.epam.gmailAutomation.test.ShouldCheckMessageInSpamFolder -->
    </test> <!-- Default test -->
  </suite> <!-- Default suite -->
</testng-results>
