<?xml version="1.0" encoding="UTF-8"?>
<testng-results skipped="0" failed="0" total="1" passed="1">
  <reporter-output>
  </reporter-output>
  <suite name="Default suite" duration-ms="47646" started-at="2016-11-25T13:34:15Z" finished-at="2016-11-25T13:35:03Z">
    <groups>
    </groups>
    <test name="Default test" duration-ms="47646" started-at="2016-11-25T13:34:15Z" finished-at="2016-11-25T13:35:03Z">
      <class name="by.epam.gmailAutomation.test.ShouldCheckLetterFromUser1">
        <test-method status="PASS" signature="beforeClass()[pri:0, instance:by.epam.gmailAutomation.test.ShouldCheckLetterFromUser1@3e6fa38a]" name="beforeClass" is-config="true" duration-ms="3801" started-at="2016-11-25T16:34:15Z" finished-at="2016-11-25T16:34:19Z">
          <reporter-output>
          </reporter-output>
        </test-method> <!-- beforeClass -->
        <test-method status="PASS" signature="popImapSettings()[pri:0, instance:by.epam.gmailAutomation.test.ShouldCheckLetterFromUser1@3e6fa38a]" name="popImapSettings" duration-ms="41817" started-at="2016-11-25T16:34:19Z" finished-at="2016-11-25T16:35:01Z">
          <reporter-output>
          </reporter-output>
        </test-method> <!-- popImapSettings -->
        <test-method status="PASS" signature="afterClass()[pri:0, instance:by.epam.gmailAutomation.test.ShouldCheckLetterFromUser1@3e6fa38a]" name="afterClass" is-config="true" duration-ms="2001" started-at="2016-11-25T16:35:01Z" finished-at="2016-11-25T16:35:03Z">
          <reporter-output>
          </reporter-output>
        </test-method> <!-- afterClass -->
      </class> <!-- by.epam.gmailAutomation.test.ShouldCheckLetterFromUser1 -->
    </test> <!-- Default test -->
  </suite> <!-- Default suite -->
</testng-results>
